c:\users\ahmet\desktop\moonengıne\moonengınecore\ıncludes\glfw\bın\debug\wındows\x86_64\glfw\glfw.pdb
c:\users\ahmet\desktop\moonengıne\moonengınecore\ıncludes\glfw\bın\debug\wındows\x86_64\glfw\glfw.ıdb
c:\users\ahmet\desktop\moonengıne\moonengınecore\ıncludes\glfw\bın-ınt\debug\wındows\x86_64\glfw\wındow.obj
c:\users\ahmet\desktop\moonengıne\moonengınecore\ıncludes\glfw\bın-ınt\debug\wındows\x86_64\glfw\wın32_wındow.obj
c:\users\ahmet\desktop\moonengıne\moonengınecore\ıncludes\glfw\bın-ınt\debug\wındows\x86_64\glfw\wın32_tıme.obj
c:\users\ahmet\desktop\moonengıne\moonengınecore\ıncludes\glfw\bın-ınt\debug\wındows\x86_64\glfw\wın32_thread.obj
c:\users\ahmet\desktop\moonengıne\moonengınecore\ıncludes\glfw\bın-ınt\debug\wındows\x86_64\glfw\wın32_monıtor.obj
c:\users\ahmet\desktop\moonengıne\moonengınecore\ıncludes\glfw\bın-ınt\debug\wındows\x86_64\glfw\wın32_joystıck.obj
c:\users\ahmet\desktop\moonengıne\moonengınecore\ıncludes\glfw\bın-ınt\debug\wındows\x86_64\glfw\wın32_ınıt.obj
c:\users\ahmet\desktop\moonengıne\moonengınecore\ıncludes\glfw\bın-ınt\debug\wındows\x86_64\glfw\wgl_context.obj
c:\users\ahmet\desktop\moonengıne\moonengınecore\ıncludes\glfw\bın-ınt\debug\wındows\x86_64\glfw\vulkan.obj
c:\users\ahmet\desktop\moonengıne\moonengınecore\ıncludes\glfw\bın-ınt\debug\wındows\x86_64\glfw\osmesa_context.obj
c:\users\ahmet\desktop\moonengıne\moonengınecore\ıncludes\glfw\bın-ınt\debug\wındows\x86_64\glfw\monıtor.obj
c:\users\ahmet\desktop\moonengıne\moonengınecore\ıncludes\glfw\bın-ınt\debug\wındows\x86_64\glfw\ınput.obj
c:\users\ahmet\desktop\moonengıne\moonengınecore\ıncludes\glfw\bın-ınt\debug\wındows\x86_64\glfw\ınıt.obj
c:\users\ahmet\desktop\moonengıne\moonengınecore\ıncludes\glfw\bın-ınt\debug\wındows\x86_64\glfw\egl_context.obj
c:\users\ahmet\desktop\moonengıne\moonengınecore\ıncludes\glfw\bın-ınt\debug\wındows\x86_64\glfw\context.obj
c:\users\ahmet\desktop\moonengıne\moonengınecore\ıncludes\glfw\bın\debug\wındows\x86_64\glfw\glfw.lıb
c:\users\ahmet\desktop\moonengine\moonenginecore\ıncludes\glfw\bin-int\debug\windows\x86_64\glfw\context.obj
c:\users\ahmet\desktop\moonengine\moonenginecore\ıncludes\glfw\bin-int\debug\windows\x86_64\glfw\egl_context.obj
c:\users\ahmet\desktop\moonengine\moonenginecore\ıncludes\glfw\bin-int\debug\windows\x86_64\glfw\init.obj
c:\users\ahmet\desktop\moonengine\moonenginecore\ıncludes\glfw\bin-int\debug\windows\x86_64\glfw\input.obj
c:\users\ahmet\desktop\moonengine\moonenginecore\ıncludes\glfw\bin-int\debug\windows\x86_64\glfw\monitor.obj
c:\users\ahmet\desktop\moonengine\moonenginecore\ıncludes\glfw\bin-int\debug\windows\x86_64\glfw\osmesa_context.obj
c:\users\ahmet\desktop\moonengine\moonenginecore\ıncludes\glfw\bin-int\debug\windows\x86_64\glfw\vulkan.obj
c:\users\ahmet\desktop\moonengine\moonenginecore\ıncludes\glfw\bin-int\debug\windows\x86_64\glfw\wgl_context.obj
c:\users\ahmet\desktop\moonengine\moonenginecore\ıncludes\glfw\bin-int\debug\windows\x86_64\glfw\win32_init.obj
c:\users\ahmet\desktop\moonengine\moonenginecore\ıncludes\glfw\bin-int\debug\windows\x86_64\glfw\win32_joystick.obj
c:\users\ahmet\desktop\moonengine\moonenginecore\ıncludes\glfw\bin-int\debug\windows\x86_64\glfw\win32_monitor.obj
c:\users\ahmet\desktop\moonengine\moonenginecore\ıncludes\glfw\bin-int\debug\windows\x86_64\glfw\win32_thread.obj
c:\users\ahmet\desktop\moonengine\moonenginecore\ıncludes\glfw\bin-int\debug\windows\x86_64\glfw\win32_time.obj
c:\users\ahmet\desktop\moonengine\moonenginecore\ıncludes\glfw\bin-int\debug\windows\x86_64\glfw\win32_window.obj
c:\users\ahmet\desktop\moonengine\moonenginecore\ıncludes\glfw\bin-int\debug\windows\x86_64\glfw\window.obj
c:\users\ahmet\desktop\moonengine\moonenginecore\ıncludes\glfw\bin\debug\windows\x86_64\glfw\glfw.lib
c:\users\ahmet\desktop\moonengine\moonenginecore\ıncludes\glfw\bin-int\debug\windows\x86_64\glfw\glfw.tlog\cl.command.1.tlog
c:\users\ahmet\desktop\moonengine\moonenginecore\ıncludes\glfw\bin-int\debug\windows\x86_64\glfw\glfw.tlog\cl.read.1.tlog
c:\users\ahmet\desktop\moonengine\moonenginecore\ıncludes\glfw\bin-int\debug\windows\x86_64\glfw\glfw.tlog\cl.write.1.tlog
c:\users\ahmet\desktop\moonengine\moonenginecore\ıncludes\glfw\bin-int\debug\windows\x86_64\glfw\glfw.tlog\lib-link.read.1.tlog
c:\users\ahmet\desktop\moonengine\moonenginecore\ıncludes\glfw\bin-int\debug\windows\x86_64\glfw\glfw.tlog\lib-link.write.1.tlog
c:\users\ahmet\desktop\moonengine\moonenginecore\ıncludes\glfw\bin-int\debug\windows\x86_64\glfw\glfw.tlog\lib.command.1.tlog
